mode: set
search-engine/pkg/Controllers/Controllers.go:23.34,25.2 1 0
search-engine/pkg/Controllers/Controllers.go:32.33,35.2 2 0
search-engine/pkg/Controllers/Controllers.go:42.54,45.2 2 1
search-engine/pkg/Controllers/Controllers.go:56.53,62.16 5 0
search-engine/pkg/Controllers/Controllers.go:66.2,66.21 1 0
search-engine/pkg/Controllers/Controllers.go:70.2,73.45 4 0
search-engine/pkg/Controllers/Controllers.go:62.16,65.3 2 0
search-engine/pkg/Controllers/Controllers.go:66.21,69.3 2 0
search-engine/pkg/Controllers/Controllers.go:84.51,89.45 5 0
search-engine/pkg/Controllers/Controllers.go:93.2,94.42 2 0
search-engine/pkg/Controllers/Controllers.go:89.45,92.3 2 0
search-engine/pkg/Controllers/Controllers.go:96.66,99.35 3 0
search-engine/pkg/Controllers/Controllers.go:103.2,103.47 1 0
search-engine/pkg/Controllers/Controllers.go:106.2,109.17 3 0
search-engine/pkg/Controllers/Controllers.go:99.35,102.3 2 0
search-engine/pkg/Controllers/Controllers.go:103.47,105.3 1 0
search-engine/pkg/Controllers/Controllers.go:112.46,115.37 2 1
search-engine/pkg/Controllers/Controllers.go:123.2,123.12 1 1
search-engine/pkg/Controllers/Controllers.go:115.37,116.36 1 1
search-engine/pkg/Controllers/Controllers.go:116.36,117.49 1 1
search-engine/pkg/Controllers/Controllers.go:117.49,119.10 2 1
search-engine/pkg/Controllers/Controllers.go:125.24,126.12 1 1
search-engine/pkg/Controllers/Controllers.go:129.2,129.10 1 1
search-engine/pkg/Controllers/Controllers.go:126.12,128.3 1 1
